2025-08-22T15:02:08: Traceback (most recent call last):
2025-08-22T15:02:08:   File "/home/miguel/workspace/discord_bot/bot.py", line 1, in <module>
2025-08-22T15:02:08:     import discord
2025-08-22T15:02:08: ModuleNotFoundError: No module named 'discord'
2025-08-22T15:02:08: Traceback (most recent call last):
2025-08-22T15:02:08:   File "/home/miguel/workspace/discord_bot/bot.py", line 1, in <module>
2025-08-22T15:02:08:     import discord
2025-08-22T15:02:08: ModuleNotFoundError: No module named 'discord'
2025-08-22T15:02:09: Traceback (most recent call last):
2025-08-22T15:02:09:   File "/home/miguel/workspace/discord_bot/bot.py", line 1, in <module>
2025-08-22T15:02:09:     import discord
2025-08-22T15:02:09: ModuleNotFoundError: No module named 'discord'
2025-08-22T15:02:09: Traceback (most recent call last):
2025-08-22T15:02:09:   File "/home/miguel/workspace/discord_bot/bot.py", line 1, in <module>
2025-08-22T15:02:09:     import discord
2025-08-22T15:02:09: ModuleNotFoundError: No module named 'discord'
2025-08-22T15:02:09: Traceback (most recent call last):
2025-08-22T15:02:09:   File "/home/miguel/workspace/discord_bot/bot.py", line 1, in <module>
2025-08-22T15:02:09:     import discord
2025-08-22T15:02:09: ModuleNotFoundError: No module named 'discord'
2025-08-22T15:02:09: Traceback (most recent call last):
2025-08-22T15:02:09:   File "/home/miguel/workspace/discord_bot/bot.py", line 1, in <module>
2025-08-22T15:02:09:     import discord
2025-08-22T15:02:09: ModuleNotFoundError: No module named 'discord'
2025-08-22T15:02:09: Traceback (most recent call last):
2025-08-22T15:02:09:   File "/home/miguel/workspace/discord_bot/bot.py", line 1, in <module>
2025-08-22T15:02:09:     import discord
2025-08-22T15:02:09: ModuleNotFoundError: No module named 'discord'
2025-08-22T15:02:10: Traceback (most recent call last):
2025-08-22T15:02:10:   File "/home/miguel/workspace/discord_bot/bot.py", line 1, in <module>
2025-08-22T15:02:10:     import discord
2025-08-22T15:02:10: ModuleNotFoundError: No module named 'discord'
2025-08-22T15:02:10: Traceback (most recent call last):
2025-08-22T15:02:10:   File "/home/miguel/workspace/discord_bot/bot.py", line 1, in <module>
2025-08-22T15:02:10:     import discord
2025-08-22T15:02:10: ModuleNotFoundError: No module named 'discord'
2025-08-22T15:02:10: Traceback (most recent call last):
2025-08-22T15:02:10:   File "/home/miguel/workspace/discord_bot/bot.py", line 1, in <module>
2025-08-22T15:02:10:     import discord
2025-08-22T15:02:10: ModuleNotFoundError: No module named 'discord'
2025-08-22T15:02:10: Traceback (most recent call last):
2025-08-22T15:02:10:   File "/home/miguel/workspace/discord_bot/bot.py", line 1, in <module>
2025-08-22T15:02:10:     import discord
2025-08-22T15:02:10: ModuleNotFoundError: No module named 'discord'
2025-08-22T15:02:10: Traceback (most recent call last):
2025-08-22T15:02:10:   File "/home/miguel/workspace/discord_bot/bot.py", line 1, in <module>
2025-08-22T15:02:10:     import discord
2025-08-22T15:02:10: ModuleNotFoundError: No module named 'discord'
2025-08-22T15:02:11: Traceback (most recent call last):
2025-08-22T15:02:11:   File "/home/miguel/workspace/discord_bot/bot.py", line 1, in <module>
2025-08-22T15:02:11:     import discord
2025-08-22T15:02:11: ModuleNotFoundError: No module named 'discord'
2025-08-22T15:02:11: Traceback (most recent call last):
2025-08-22T15:02:11:   File "/home/miguel/workspace/discord_bot/bot.py", line 1, in <module>
2025-08-22T15:02:11:     import discord
2025-08-22T15:02:11: ModuleNotFoundError: No module named 'discord'
2025-08-22T15:02:11: Traceback (most recent call last):
2025-08-22T15:02:11:   File "/home/miguel/workspace/discord_bot/bot.py", line 1, in <module>
2025-08-22T15:02:11:     import discord
2025-08-22T15:02:11: ModuleNotFoundError: No module named 'discord'
2025-08-22T15:02:11: Traceback (most recent call last):
2025-08-22T15:02:11:   File "/home/miguel/workspace/discord_bot/bot.py", line 1, in <module>
2025-08-22T15:02:11: import discord
2025-08-22T15:02:11: ModuleNotFoundError: No module named 'discord'
